This is pdfTeX, Version 3.14159265-2.6-1.40.19 (MiKTeX 2.9.6630 64-bit) (preloaded format=pdflatex 2018.5.22)  15 NOV 2019 14:37
entering extended mode
**./main.tex
(main.tex
LaTeX2e <2017-04-15>
Babel <3.18> and hyphenation patterns for 75 language(s) loaded.

("C:\Users\Daniel Bretschneider\AppData\Local\Programs\MiKTeX 2.9\tex\latex\acm
art\acmart.cls"
Document Class: acmart 2019/10/19 v1.65 Typesetting articles for the Associatio
n for Computing Machinery

("C:\Users\Daniel Bretschneider\AppData\Local\Programs\MiKTeX 2.9\tex\latex\xke
yval\xkeyval.sty"
Package: xkeyval 2014/12/03 v2.7a package option processing (HA)

("C:\Users\Daniel Bretschneider\AppData\Local\Programs\MiKTeX 2.9\tex\generic\x
keyval\xkeyval.tex"
("C:\Users\Daniel Bretschneider\AppData\Local\Programs\MiKTeX 2.9\tex\generic\x
keyval\xkvutils.tex"
\XKV@toks=\toks14
\XKV@tempa@toks=\toks15

("C:\Users\Daniel Bretschneider\AppData\Local\Programs\MiKTeX 2.9\tex\generic\x
keyval\keyval.tex"))
\XKV@depth=\count79
File: xkeyval.tex 2014/12/03 v2.7a key=value parser (HA)
))
("C:\Users\Daniel Bretschneider\AppData\Local\Programs\MiKTeX 2.9\tex\latex\xst
ring\xstring.sty"
("C:\Users\Daniel Bretschneider\AppData\Local\Programs\MiKTeX 2.9\tex\generic\x
string\xstring.tex"
\integerpart=\count80
\decimalpart=\count81
)
Package: xstring 2019/02/06 v1.83 String manipulations (CT)
)
Package acmart Info: Not using screen mode on input line 72.
Package acmart Info: Using breaking urls on hyphens on input line 80.
Package acmart Info: Requiring acmthm on input line 88.
Package acmart Info: Not using review mode on input line 97.
Package acmart Info: Not using authorversion mode on input line 105.
Package acmart Info: Not using nonacm mode on input line 117.
Package acmart Info: Explicitly selecting natbib mode on input line 129.
Package acmart Info: Not using anonymous mode on input line 137.
Package acmart Info: Not using timestamp mode on input line 145.
Package acmart Info: Not using authordraft mode on input line 155.
Package acmart Info: Using authordraft mode on input line 164.
Class acmart Info: Using format sigconf, number 4 on input line 164.
Class acmart Info: Using fontsize 9pt on input line 228.

("C:\Users\Daniel Bretschneider\AppData\Local\Programs\MiKTeX 2.9\tex\latex\ams
cls\amsart.cls"
Document Class: amsart 2017/10/31 v2.20.4
\linespacing=\dimen102
\normalparindent=\dimen103
\normaltopskip=\skip41

("C:\Users\Daniel Bretschneider\AppData\Local\Programs\MiKTeX 2.9\tex\latex\ams
math\amsmath.sty"
Package: amsmath 2017/09/02 v2.17a AMS math features
\@mathmargin=\skip42

For additional information on amsmath, use the `?' option.

("C:\Users\Daniel Bretschneider\AppData\Local\Programs\MiKTeX 2.9\tex\latex\ams
math\amstext.sty"
Package: amstext 2000/06/29 v2.01 AMS text

("C:\Users\Daniel Bretschneider\AppData\Local\Programs\MiKTeX 2.9\tex\latex\ams
math\amsgen.sty"
File: amsgen.sty 1999/11/30 v2.0 generic functions
\@emptytoks=\toks16
\ex@=\dimen104
))
("C:\Users\Daniel Bretschneider\AppData\Local\Programs\MiKTeX 2.9\tex\latex\ams
math\amsbsy.sty"
Package: amsbsy 1999/11/29 v1.2d Bold Symbols
\pmbraise@=\dimen105
)
("C:\Users\Daniel Bretschneider\AppData\Local\Programs\MiKTeX 2.9\tex\latex\ams
math\amsopn.sty"
Package: amsopn 2016/03/08 v2.02 operator names
)
\inf@bad=\count82
LaTeX Info: Redefining \frac on input line 213.
\uproot@=\count83
\leftroot@=\count84
LaTeX Info: Redefining \overline on input line 375.
\classnum@=\count85
\DOTSCASE@=\count86
LaTeX Info: Redefining \ldots on input line 472.
LaTeX Info: Redefining \dots on input line 475.
LaTeX Info: Redefining \cdots on input line 596.
\Mathstrutbox@=\box26
\strutbox@=\box27
\big@size=\dimen106
LaTeX Font Info:    Redeclaring font encoding OML on input line 712.
LaTeX Font Info:    Redeclaring font encoding OMS on input line 713.
\macc@depth=\count87
\c@MaxMatrixCols=\count88
\dotsspace@=\muskip10
\c@parentequation=\count89
\dspbrk@lvl=\count90
\tag@help=\toks17
\row@=\count91
\column@=\count92
\maxfields@=\count93
\andhelp@=\toks18
\eqnshift@=\dimen107
\alignsep@=\dimen108
\tagshift@=\dimen109
\tagwidth@=\dimen110
\totwidth@=\dimen111
\lineht@=\dimen112
\@envbody=\toks19
\multlinegap=\skip43
\multlinetaggap=\skip44
\mathdisplay@stack=\toks20
LaTeX Info: Redefining \[ on input line 2817.
LaTeX Info: Redefining \] on input line 2818.
)
LaTeX Font Info:    Try loading font information for U+msa on input line 398.

("C:\Users\Daniel Bretschneider\AppData\Local\Programs\MiKTeX 2.9\tex\latex\ams
fonts\umsa.fd"
File: umsa.fd 2013/01/14 v3.01 AMS symbols A
)
("C:\Users\Daniel Bretschneider\AppData\Local\Programs\MiKTeX 2.9\tex\latex\ams
fonts\amsfonts.sty"
Package: amsfonts 2013/01/14 v3.01 Basic AMSFonts support
\symAMSa=\mathgroup4
\symAMSb=\mathgroup5
LaTeX Font Info:    Overwriting math alphabet `\mathfrak' in version `bold'
(Font)                  U/euf/m/n --> U/euf/b/n on input line 106.
)
\copyins=\insert199
\abstractbox=\box28
\listisep=\skip45
\c@part=\count94
\c@section=\count95
\c@subsection=\count96
\c@subsubsection=\count97
\c@paragraph=\count98
\c@subparagraph=\count99
\c@figure=\count100
\c@table=\count101
\abovecaptionskip=\skip46
\belowcaptionskip=\skip47
\captionindent=\dimen113
\thm@style=\toks21
\thm@bodyfont=\toks22
\thm@headfont=\toks23
\thm@notefont=\toks24
\thm@headpunct=\toks25
\thm@preskip=\skip48
\thm@postskip=\skip49
\thm@headsep=\skip50
\dth@everypar=\toks26
)
("C:\Users\Daniel Bretschneider\AppData\Local\Programs\MiKTeX 2.9\tex\latex\mic
rotype\microtype.sty"
Package: microtype 2019/10/10 v2.7c Micro-typographical refinements (RS)
\MT@toks=\toks27
\MT@count=\count102
LaTeX Info: Redefining \textls on input line 790.
\MT@outer@kern=\dimen114
LaTeX Info: Redefining \textmicrotypecontext on input line 1347.
\MT@listname@count=\count103

("C:\Users\Daniel Bretschneider\AppData\Local\Programs\MiKTeX 2.9\tex\latex\mic
rotype\microtype-pdftex.def"
File: microtype-pdftex.def 2019/10/10 v2.7c Definitions specific to pdftex (RS)

LaTeX Info: Redefining \lsstyle on input line 914.
LaTeX Info: Redefining \lslig on input line 914.
\MT@outer@space=\skip51
)
Package microtype Info: Loading configuration file microtype.cfg.

("C:\Users\Daniel Bretschneider\AppData\Local\Programs\MiKTeX 2.9\tex\latex\mic
rotype\microtype.cfg"
File: microtype.cfg 2019/10/10 v2.7c microtype main configuration file (RS)
))
("C:\Users\Daniel Bretschneider\AppData\Local\Programs\MiKTeX 2.9\tex\latex\eto
olbox\etoolbox.sty"
Package: etoolbox 2018/02/11 v2.5e e-TeX tools for LaTeX (JAW)
\etb@tempcnta=\count104
)
("C:\Users\Daniel Bretschneider\AppData\Local\Programs\MiKTeX 2.9\tex\latex\boo
ktabs\booktabs.sty"
Package: booktabs 2019/10/08 v1.6180339 publication quality tables
\heavyrulewidth=\dimen115
\lightrulewidth=\dimen116
\cmidrulewidth=\dimen117
\belowrulesep=\dimen118
\belowbottomsep=\dimen119
\aboverulesep=\dimen120
\abovetopsep=\dimen121
\cmidrulesep=\dimen122
\cmidrulekern=\dimen123
\defaultaddspace=\dimen124
\@cmidla=\count105
\@cmidlb=\count106
\@aboverulesep=\dimen125
\@belowrulesep=\dimen126
\@thisruleclass=\count107
\@lastruleclass=\count108
\@thisrulewidth=\dimen127
)
("C:\Users\Daniel Bretschneider\AppData\Local\Programs\MiKTeX 2.9\tex\latex\obe
rdiek\refcount.sty"
Package: refcount 2016/05/16 v3.5 Data extraction from label references (HO)

("C:\Users\Daniel Bretschneider\AppData\Local\Programs\MiKTeX 2.9\tex\generic\o
berdiek\ltxcmds.sty"
Package: ltxcmds 2016/05/16 v1.23 LaTeX kernel commands for general use (HO)
)
("C:\Users\Daniel Bretschneider\AppData\Local\Programs\MiKTeX 2.9\tex\generic\o
berdiek\infwarerr.sty"
Package: infwarerr 2016/05/16 v1.4 Providing info/warning/error messages (HO)
))
("C:\Users\Daniel Bretschneider\AppData\Local\Programs\MiKTeX 2.9\tex\latex\tot
pages\totpages.sty"
Package: totpages 2005/09/19 v2.00 Totpages Package (muewi)

("C:\Users\Daniel Bretschneider\AppData\Local\Programs\MiKTeX 2.9\tex\latex\ms\
everyshi.sty"
Package: everyshi 2001/05/15 v3.00 EveryShipout Package (MS)
))
("C:\Users\Daniel Bretschneider\AppData\Local\Programs\MiKTeX 2.9\tex\latex\env
iron\environ.sty"
Package: environ 2014/05/04 v0.3 A new way to define environments

("C:\Users\Daniel Bretschneider\AppData\Local\Programs\MiKTeX 2.9\tex\latex\tri
mspaces\trimspaces.sty"
Package: trimspaces 2009/09/17 v1.1 Trim spaces around a token list
))
("C:\Users\Daniel Bretschneider\AppData\Local\Programs\MiKTeX 2.9\tex\latex\tex
tcase\textcase.sty"
Package: textcase 2019/09/14 v1.00 Text only upper/lower case changing (DPC)
)
("C:\Users\Daniel Bretschneider\AppData\Local\Programs\MiKTeX 2.9\tex\latex\nat
bib\natbib.sty"
Package: natbib 2010/09/13 8.31b (PWD, AO)
\bibhang=\skip52
\bibsep=\skip53
LaTeX Info: Redefining \cite on input line 694.
\c@NAT@ctr=\count109
)
("C:\Users\Daniel Bretschneider\AppData\Local\Programs\MiKTeX 2.9\tex\latex\hyp
erref\hyperref.sty"
Package: hyperref 2018/02/06 v6.86b Hypertext links for LaTeX

("C:\Users\Daniel Bretschneider\AppData\Local\Programs\MiKTeX 2.9\tex\generic\o
berdiek\hobsub-hyperref.sty"
Package: hobsub-hyperref 2016/05/16 v1.14 Bundle oberdiek, subset hyperref (HO)


("C:\Users\Daniel Bretschneider\AppData\Local\Programs\MiKTeX 2.9\tex\generic\o
berdiek\hobsub-generic.sty"
Package: hobsub-generic 2016/05/16 v1.14 Bundle oberdiek, subset generic (HO)
Package: hobsub 2016/05/16 v1.14 Construct package bundles (HO)
Package hobsub Info: Skipping package `infwarerr' (already loaded).
Package hobsub Info: Skipping package `ltxcmds' (already loaded).
Package: ifluatex 2016/05/16 v1.4 Provides the ifluatex switch (HO)
Package ifluatex Info: LuaTeX not detected.
Package: ifvtex 2016/05/16 v1.6 Detect VTeX and its facilities (HO)
Package ifvtex Info: VTeX not detected.
Package: intcalc 2016/05/16 v1.2 Expandable calculations with integers (HO)
Package: ifpdf 2017/03/15 v3.2 Provides the ifpdf switch
Package: etexcmds 2016/05/16 v1.6 Avoid name clashes with e-TeX commands (HO)
Package etexcmds Info: Could not find \expanded.
(etexcmds)             That can mean that you are not using pdfTeX 1.50 or
(etexcmds)             that some package has redefined \expanded.
(etexcmds)             In the latter case, load this package earlier.
Package: kvsetkeys 2016/05/16 v1.17 Key value parser (HO)
Package: kvdefinekeys 2016/05/16 v1.4 Define keys (HO)
Package: pdftexcmds 2018/01/21 v0.26 Utility functions of pdfTeX for LuaTeX (HO
)
Package pdftexcmds Info: LuaTeX not detected.
Package pdftexcmds Info: \pdf@primitive is available.
Package pdftexcmds Info: \pdf@ifprimitive is available.
Package pdftexcmds Info: \pdfdraftmode found.
Package: pdfescape 2016/05/16 v1.14 Implements pdfTeX's escape features (HO)
Package: bigintcalc 2016/05/16 v1.4 Expandable calculations on big integers (HO
)
Package: bitset 2016/05/16 v1.2 Handle bit-vector datatype (HO)
Package: uniquecounter 2016/05/16 v1.3 Provide unlimited unique counter (HO)
)
Package hobsub Info: Skipping package `hobsub' (already loaded).
Package: letltxmacro 2016/05/16 v1.5 Let assignment for LaTeX macros (HO)
Package: hopatch 2016/05/16 v1.3 Wrapper for package hooks (HO)
Package: xcolor-patch 2016/05/16 xcolor patch
Package: atveryend 2016/05/16 v1.9 Hooks at the very end of document (HO)
Package: atbegshi 2016/06/09 v1.18 At begin shipout hook (HO)
Package hobsub Info: Skipping package `refcount' (already loaded).
Package: hycolor 2016/05/16 v1.8 Color options for hyperref/bookmark (HO)
)
("C:\Users\Daniel Bretschneider\AppData\Local\Programs\MiKTeX 2.9\tex\generic\i
fxetex\ifxetex.sty"
Package: ifxetex 2010/09/12 v0.6 Provides ifxetex conditional
)
("C:\Users\Daniel Bretschneider\AppData\Local\Programs\MiKTeX 2.9\tex\latex\obe
rdiek\auxhook.sty"
Package: auxhook 2016/05/16 v1.4 Hooks for auxiliary files (HO)
)
("C:\Users\Daniel Bretschneider\AppData\Local\Programs\MiKTeX 2.9\tex\latex\obe
rdiek\kvoptions.sty"
Package: kvoptions 2016/05/16 v3.12 Key value format for package options (HO)
)
\@linkdim=\dimen128
\Hy@linkcounter=\count110
\Hy@pagecounter=\count111

("C:\Users\Daniel Bretschneider\AppData\Local\Programs\MiKTeX 2.9\tex\latex\hyp
erref\pd1enc.def"
File: pd1enc.def 2018/02/06 v6.86b Hyperref: PDFDocEncoding definition (HO)
)
\Hy@SavedSpaceFactor=\count112

("C:\Users\Daniel Bretschneider\AppData\Local\Programs\MiKTeX 2.9\tex\latex\00m
iktex\hyperref.cfg"
File: hyperref.cfg 2002/06/06 v1.2 hyperref configuration of TeXLive
)
Package hyperref Info: Option `bookmarksnumbered' set `true' on input line 4383
.
Package hyperref Info: Option `unicode' set `true' on input line 4383.

("C:\Users\Daniel Bretschneider\AppData\Local\Programs\MiKTeX 2.9\tex\latex\hyp
erref\puenc.def"
File: puenc.def 2018/02/06 v6.86b Hyperref: PDF Unicode definition (HO)
)
Package hyperref Info: Hyper figures OFF on input line 4509.
Package hyperref Info: Link nesting OFF on input line 4514.
Package hyperref Info: Hyper index ON on input line 4517.
Package hyperref Info: Plain pages OFF on input line 4524.
Package hyperref Info: Backreferencing OFF on input line 4529.
Package hyperref Info: Implicit mode ON; LaTeX internals redefined.
Package hyperref Info: Bookmarks ON on input line 4762.
\c@Hy@tempcnt=\count113

("C:\Users\Daniel Bretschneider\AppData\Local\Programs\MiKTeX 2.9\tex\latex\url
\url.sty"
\Urlmuskip=\muskip11
Package: url 2013/09/16  ver 3.4  Verb mode for urls, etc.
)
LaTeX Info: Redefining \url on input line 5115.
\XeTeXLinkMargin=\dimen129
\Fld@menulength=\count114
\Field@Width=\dimen130
\Fld@charsize=\dimen131
Package hyperref Info: Hyper figures OFF on input line 6369.
Package hyperref Info: Link nesting OFF on input line 6374.
Package hyperref Info: Hyper index ON on input line 6377.
Package hyperref Info: backreferencing OFF on input line 6384.
Package hyperref Info: Link coloring OFF on input line 6389.
Package hyperref Info: Link coloring with OCG OFF on input line 6394.
Package hyperref Info: PDF/A mode OFF on input line 6399.
LaTeX Info: Redefining \ref on input line 6439.
LaTeX Info: Redefining \pageref on input line 6443.
\Hy@abspage=\count115
\c@Item=\count116
\c@Hfootnote=\count117
)
Package hyperref Info: Driver (autodetected): hpdftex.

("C:\Users\Daniel Bretschneider\AppData\Local\Programs\MiKTeX 2.9\tex\latex\hyp
erref\hpdftex.def"
File: hpdftex.def 2018/02/06 v6.86b Hyperref driver for pdfTeX
\Fld@listcount=\count118
\c@bookmark@seq@number=\count119

("C:\Users\Daniel Bretschneider\AppData\Local\Programs\MiKTeX 2.9\tex\latex\obe
rdiek\rerunfilecheck.sty"
Package: rerunfilecheck 2016/05/16 v1.8 Rerun checks for auxiliary files (HO)
Package uniquecounter Info: New unique counter `rerunfilecheck' on input line 2
82.
)
\Hy@SectionHShift=\skip54
)
("C:\Users\Daniel Bretschneider\AppData\Local\Programs\MiKTeX 2.9\tex\latex\gra
phics\graphicx.sty"
Package: graphicx 2017/06/01 v1.1a Enhanced LaTeX Graphics (DPC,SPQR)

("C:\Users\Daniel Bretschneider\AppData\Local\Programs\MiKTeX 2.9\tex\latex\gra
phics\graphics.sty"
Package: graphics 2017/06/25 v1.2c Standard LaTeX Graphics (DPC,SPQR)

("C:\Users\Daniel Bretschneider\AppData\Local\Programs\MiKTeX 2.9\tex\latex\gra
phics\trig.sty"
Package: trig 2016/01/03 v1.10 sin cos tan (DPC)
)
("C:\Users\Daniel Bretschneider\AppData\Local\Programs\MiKTeX 2.9\tex\latex\gra
phics-cfg\graphics.cfg"
File: graphics.cfg 2016/06/04 v1.11 sample graphics configuration
)
Package graphics Info: Driver file: pdftex.def on input line 99.

("C:\Users\Daniel Bretschneider\AppData\Local\Programs\MiKTeX 2.9\tex\latex\gra
phics-def\pdftex.def"
File: pdftex.def 2018/01/08 v1.0l Graphics/color driver for pdftex
))
\Gin@req@height=\dimen132
\Gin@req@width=\dimen133
)
("C:\Users\Daniel Bretschneider\AppData\Local\Programs\MiKTeX 2.9\tex\latex\xco
lor\xcolor.sty"
Package: xcolor 2016/05/11 v2.12 LaTeX color extensions (UK)

("C:\Users\Daniel Bretschneider\AppData\Local\Programs\MiKTeX 2.9\tex\latex\gra
phics-cfg\color.cfg"
File: color.cfg 2016/01/02 v1.6 sample color configuration
)
Package xcolor Info: Driver file: pdftex.def on input line 225.
Package xcolor Info: Model `cmy' substituted by `cmy0' on input line 1348.
Package xcolor Info: Model `hsb' substituted by `rgb' on input line 1352.
Package xcolor Info: Model `RGB' extended on input line 1364.
Package xcolor Info: Model `HTML' substituted by `rgb' on input line 1366.
Package xcolor Info: Model `Hsb' substituted by `hsb' on input line 1367.
Package xcolor Info: Model `tHsb' substituted by `hsb' on input line 1368.
Package xcolor Info: Model `HSB' substituted by `hsb' on input line 1369.
Package xcolor Info: Model `Gray' substituted by `gray' on input line 1370.
Package xcolor Info: Model `wave' substituted by `hsb' on input line 1371.
)
("C:\Users\Daniel Bretschneider\AppData\Local\Programs\MiKTeX 2.9\tex\latex\dra
ftwatermark\draftwatermark.sty"
Package: draftwatermark 2015/02/19 1.2 Put a gray textual watermark on document
 pages

("C:\Users\Daniel Bretschneider\AppData\Local\Programs\MiKTeX 2.9\tex\latex\eve
rypage\everypage.sty"
Package: everypage 2007/06/20 1.1 Hooks to run on every page
)
\sc@wm@hcenter=\skip55
\sc@wm@vcenter=\skip56
\sc@wm@fontsize=\skip57
)
("C:\Users\Daniel Bretschneider\AppData\Local\Programs\MiKTeX 2.9\tex\latex\geo
metry\geometry.sty"
Package: geometry 2010/09/12 v5.6 Page Geometry
\Gm@cnth=\count120
\Gm@cntv=\count121
\c@Gm@tempcnt=\count122
\Gm@bindingoffset=\dimen134
\Gm@wd@mp=\dimen135
\Gm@odd@mp=\dimen136
\Gm@even@mp=\dimen137
\Gm@layoutwidth=\dimen138
\Gm@layoutheight=\dimen139
\Gm@layouthoffset=\dimen140
\Gm@layoutvoffset=\dimen141
\Gm@dimlist=\toks28

("C:\Users\Daniel Bretschneider\AppData\Local\Programs\MiKTeX 2.9\tex\latex\geo
metry\geometry.cfg"))
("C:\Users\Daniel Bretschneider\AppData\Local\Programs\MiKTeX 2.9\tex\latex\ncc
tools\manyfoot.sty"
Package: manyfoot 2019/08/03 v1.11 Many Footnote Levels Package (NCC)

("C:\Users\Daniel Bretschneider\AppData\Local\Programs\MiKTeX 2.9\tex\latex\ncc
tools\nccfoots.sty"
Package: nccfoots 2005/02/03 v1.2 NCC Footnotes Package (NCC)
)
\MFL@columnwidth=\dimen142
)
\footinsauthorsaddresses=\insert198
\c@footnoteauthorsaddresses=\count123
\footinscopyrightpermission=\insert197
\c@footnotecopyrightpermission=\count124

("C:\Users\Daniel Bretschneider\AppData\Local\Programs\MiKTeX 2.9\tex\generic\i
ftex\iftex.sty"
Package: iftex 2019/11/07 v1.0c TeX engine tests
)
("C:\Users\Daniel Bretschneider\AppData\Local\Programs\MiKTeX 2.9\tex\generic\p
dftex\glyphtounicode.tex")
("C:\Users\Daniel Bretschneider\AppData\Local\Programs\MiKTeX 2.9\tex\latex\cma
p\cmap.sty"
Package: cmap 2008/03/06 v1.0h CMap support: searchable PDF
)
("C:\Users\Daniel Bretschneider\AppData\Local\Programs\MiKTeX 2.9\tex\latex\bas
e\fontenc.sty"
Package: fontenc 2017/04/05 v2.0i Standard LaTeX package

("C:\Users\Daniel Bretschneider\AppData\Local\Programs\MiKTeX 2.9\tex\latex\bas
e\t1enc.def"
File: t1enc.def 2017/04/05 v2.0i Standard LaTeX file
LaTeX Font Info:    Redeclaring font encoding T1 on input line 48.
)<<t1.cmap>>)
("C:\Users\Daniel Bretschneider\AppData\Local\Programs\MiKTeX 2.9\tex\latex\lib
ertine\libertine.sty"
Package: libertine 2019/02/27 (Bob Tennent) Supports Libertine and Biolinum fon
ts for all LaTeX engines.

("C:\Users\Daniel Bretschneider\AppData\Local\Programs\MiKTeX 2.9\tex\latex\bas
e\textcomp.sty"
Package: textcomp 2017/04/05 v2.0i Standard LaTeX package
Package textcomp Info: Sub-encoding information:
(textcomp)               5 = only ISO-Adobe without \textcurrency
(textcomp)               4 = 5 + \texteuro
(textcomp)               3 = 4 + \textohm
(textcomp)               2 = 3 + \textestimated + \textcurrency
(textcomp)               1 = TS1 - \textcircled - \t
(textcomp)               0 = TS1 (full)
(textcomp)             Font families with sub-encoding setting implement
(textcomp)             only a restricted character set as indicated.
(textcomp)             Family '?' is the default used for unknown fonts.
(textcomp)             See the documentation for details.
Package textcomp Info: Setting ? sub-encoding to TS1/1 on input line 79.

("C:\Users\Daniel Bretschneider\AppData\Local\Programs\MiKTeX 2.9\tex\latex\bas
e\ts1enc.def"
File: ts1enc.def 2001/06/05 v3.0e (jk/car/fm) Standard LaTeX file
)
LaTeX Info: Redefining \oldstylenums on input line 334.
Package textcomp Info: Setting cmr sub-encoding to TS1/0 on input line 349.
Package textcomp Info: Setting cmss sub-encoding to TS1/0 on input line 350.
Package textcomp Info: Setting cmtt sub-encoding to TS1/0 on input line 351.
Package textcomp Info: Setting cmvtt sub-encoding to TS1/0 on input line 352.
Package textcomp Info: Setting cmbr sub-encoding to TS1/0 on input line 353.
Package textcomp Info: Setting cmtl sub-encoding to TS1/0 on input line 354.
Package textcomp Info: Setting ccr sub-encoding to TS1/0 on input line 355.
Package textcomp Info: Setting ptm sub-encoding to TS1/4 on input line 356.
Package textcomp Info: Setting pcr sub-encoding to TS1/4 on input line 357.
Package textcomp Info: Setting phv sub-encoding to TS1/4 on input line 358.
Package textcomp Info: Setting ppl sub-encoding to TS1/3 on input line 359.
Package textcomp Info: Setting pag sub-encoding to TS1/4 on input line 360.
Package textcomp Info: Setting pbk sub-encoding to TS1/4 on input line 361.
Package textcomp Info: Setting pnc sub-encoding to TS1/4 on input line 362.
Package textcomp Info: Setting pzc sub-encoding to TS1/4 on input line 363.
Package textcomp Info: Setting bch sub-encoding to TS1/4 on input line 364.
Package textcomp Info: Setting put sub-encoding to TS1/5 on input line 365.
Package textcomp Info: Setting uag sub-encoding to TS1/5 on input line 366.
Package textcomp Info: Setting ugq sub-encoding to TS1/5 on input line 367.
Package textcomp Info: Setting ul8 sub-encoding to TS1/4 on input line 368.
Package textcomp Info: Setting ul9 sub-encoding to TS1/4 on input line 369.
Package textcomp Info: Setting augie sub-encoding to TS1/5 on input line 370.
Package textcomp Info: Setting dayrom sub-encoding to TS1/3 on input line 371.
Package textcomp Info: Setting dayroms sub-encoding to TS1/3 on input line 372.

Package textcomp Info: Setting pxr sub-encoding to TS1/0 on input line 373.
Package textcomp Info: Setting pxss sub-encoding to TS1/0 on input line 374.
Package textcomp Info: Setting pxtt sub-encoding to TS1/0 on input line 375.
Package textcomp Info: Setting txr sub-encoding to TS1/0 on input line 376.
Package textcomp Info: Setting txss sub-encoding to TS1/0 on input line 377.
Package textcomp Info: Setting txtt sub-encoding to TS1/0 on input line 378.
Package textcomp Info: Setting lmr sub-encoding to TS1/0 on input line 379.
Package textcomp Info: Setting lmdh sub-encoding to TS1/0 on input line 380.
Package textcomp Info: Setting lmss sub-encoding to TS1/0 on input line 381.
Package textcomp Info: Setting lmssq sub-encoding to TS1/0 on input line 382.
Package textcomp Info: Setting lmvtt sub-encoding to TS1/0 on input line 383.
Package textcomp Info: Setting lmtt sub-encoding to TS1/0 on input line 384.
Package textcomp Info: Setting qhv sub-encoding to TS1/0 on input line 385.
Package textcomp Info: Setting qag sub-encoding to TS1/0 on input line 386.
Package textcomp Info: Setting qbk sub-encoding to TS1/0 on input line 387.
Package textcomp Info: Setting qcr sub-encoding to TS1/0 on input line 388.
Package textcomp Info: Setting qcs sub-encoding to TS1/0 on input line 389.
Package textcomp Info: Setting qpl sub-encoding to TS1/0 on input line 390.
Package textcomp Info: Setting qtm sub-encoding to TS1/0 on input line 391.
Package textcomp Info: Setting qzc sub-encoding to TS1/0 on input line 392.
Package textcomp Info: Setting qhvc sub-encoding to TS1/0 on input line 393.
Package textcomp Info: Setting futs sub-encoding to TS1/4 on input line 394.
Package textcomp Info: Setting futx sub-encoding to TS1/4 on input line 395.
Package textcomp Info: Setting futj sub-encoding to TS1/4 on input line 396.
Package textcomp Info: Setting hlh sub-encoding to TS1/3 on input line 397.
Package textcomp Info: Setting hls sub-encoding to TS1/3 on input line 398.
Package textcomp Info: Setting hlst sub-encoding to TS1/3 on input line 399.
Package textcomp Info: Setting hlct sub-encoding to TS1/5 on input line 400.
Package textcomp Info: Setting hlx sub-encoding to TS1/5 on input line 401.
Package textcomp Info: Setting hlce sub-encoding to TS1/5 on input line 402.
Package textcomp Info: Setting hlcn sub-encoding to TS1/5 on input line 403.
Package textcomp Info: Setting hlcw sub-encoding to TS1/5 on input line 404.
Package textcomp Info: Setting hlcf sub-encoding to TS1/5 on input line 405.
Package textcomp Info: Setting pplx sub-encoding to TS1/3 on input line 406.
Package textcomp Info: Setting pplj sub-encoding to TS1/3 on input line 407.
Package textcomp Info: Setting ptmx sub-encoding to TS1/4 on input line 408.
Package textcomp Info: Setting ptmj sub-encoding to TS1/4 on input line 409.
)
("C:\Users\Daniel Bretschneider\AppData\Local\Programs\MiKTeX 2.9\tex\latex\mwe
ights\mweights.sty"
Package: mweights 2017/03/30 (Bob Tennent) Support package for multiple-weight 
font packages. 
LaTeX Info: Redefining \bfseries on input line 22.
LaTeX Info: Redefining \mdseries on input line 30.
LaTeX Info: Redefining \rmfamily on input line 38.
LaTeX Info: Redefining \sffamily on input line 66.
LaTeX Info: Redefining \ttfamily on input line 94.
)
("C:\Users\Daniel Bretschneider\AppData\Local\Programs\MiKTeX 2.9\tex\latex\bas
e\fontenc.sty"
Package: fontenc 2017/04/05 v2.0i Standard LaTeX package
)
("C:\Users\Daniel Bretschneider\AppData\Local\Programs\MiKTeX 2.9\tex\latex\fon
taxes\fontaxes.sty"
Package: fontaxes 2014/03/23 v1.0d Font selection axes
LaTeX Info: Redefining \upshape on input line 29.
LaTeX Info: Redefining \itshape on input line 31.
LaTeX Info: Redefining \slshape on input line 33.
LaTeX Info: Redefining \scshape on input line 37.
)
LaTeX Info: Redefining \oldstylenums on input line 490.

("C:\Users\Daniel Bretschneider\AppData\Local\Programs\MiKTeX 2.9\tex\latex\lib
ertine\LinLibertine_I.tex"))
("C:\Users\Daniel Bretschneider\AppData\Local\Programs\MiKTeX 2.9\tex\latex\inc
onsolata\zi4.sty"
Package: zi4 2019/05/17 v1.12

`inconsolata-zi4' v1.12, 2019/05/17 Text macros for Inconsolata (msharpe)
\zifour@ocount=\count125
)
("C:\Users\Daniel Bretschneider\AppData\Local\Programs\MiKTeX 2.9\tex\latex\new
tx\newtxmath.sty"
Package: newtxmath 2019/11/09 v1.61

`newtxmath' v1.61, 2019/11/09 Math macros based originally on txfonts (msharpe)

("C:\Users\Daniel Bretschneider\AppData\Local\Programs\MiKTeX 2.9\tex\latex\obe
rdiek\centernot.sty"
Package: centernot 2016/05/16 v1.4 Centers the not symbol horizontally (HO)
)
\tx@cntz=\count126

("C:\Users\Daniel Bretschneider\AppData\Local\Programs\MiKTeX 2.9\tex\generic\b
inhex\binhex.tex")
\tx@Isdigit=\count127
\tx@IsAlNum=\count128
\tx@tA=\toks29
\tx@tB=\toks30
\tx@su=\read1
LaTeX Font Info:    Redeclaring symbol font `operators' on input line 304.
LaTeX Font Info:    Overwriting symbol font `operators' in version `normal'
(Font)                  OT1/cmr/m/n --> OT1/LinuxLibertineT-TLF/m/n on input li
ne 304.
LaTeX Font Info:    Overwriting symbol font `operators' in version `bold'
(Font)                  OT1/cmr/bx/n --> OT1/LinuxLibertineT-TLF/m/n on input l
ine 304.
LaTeX Font Info:    Overwriting symbol font `operators' in version `bold'
(Font)                  OT1/LinuxLibertineT-TLF/m/n --> OT1/LinuxLibertineT-TLF
/sb/n on input line 305.
LaTeX Font Info:    Redeclaring math alphabet \mathsf on input line 313.
LaTeX Font Info:    Overwriting math alphabet `\mathsf' in version `normal'
(Font)                  OT1/cmss/m/n --> T1/LinuxBiolinumT-TLF/m/n on input lin
e 313.
LaTeX Font Info:    Overwriting math alphabet `\mathsf' in version `bold'
(Font)                  OT1/cmss/bx/n --> T1/LinuxBiolinumT-TLF/m/n on input li
ne 313.
LaTeX Font Info:    Redeclaring math alphabet \mathit on input line 314.
LaTeX Font Info:    Overwriting math alphabet `\mathit' in version `normal'
(Font)                  OT1/cmr/m/it --> OT1/LinuxLibertineT-TLF/m/it on input 
line 314.
LaTeX Font Info:    Overwriting math alphabet `\mathit' in version `bold'
(Font)                  OT1/cmr/bx/it --> OT1/LinuxLibertineT-TLF/m/it on input
 line 314.
LaTeX Font Info:    Redeclaring math alphabet \mathtt on input line 315.
LaTeX Font Info:    Overwriting math alphabet `\mathtt' in version `normal'
(Font)                  OT1/cmtt/m/n --> T1/zi4/m/n on input line 315.
LaTeX Font Info:    Overwriting math alphabet `\mathtt' in version `bold'
(Font)                  OT1/cmtt/m/n --> T1/zi4/m/n on input line 315.
LaTeX Font Info:    Redeclaring math alphabet \mathbf on input line 317.
LaTeX Font Info:    Overwriting math alphabet `\mathbf' in version `normal'
(Font)                  OT1/cmr/bx/n --> OT1/LinuxLibertineT-TLF/sb/n on input 
line 317.
LaTeX Font Info:    Overwriting math alphabet `\mathbf' in version `bold'
(Font)                  OT1/cmr/bx/n --> OT1/LinuxLibertineT-TLF/sb/n on input 
line 317.
LaTeX Font Info:    Overwriting math alphabet `\mathit' in version `bold'
(Font)                  OT1/LinuxLibertineT-TLF/m/it --> OT1/LinuxLibertineT-TL
F/sb/it on input line 318.
LaTeX Font Info:    Overwriting math alphabet `\mathsf' in version `bold'
(Font)                  T1/LinuxBiolinumT-TLF/m/n --> T1/LinuxBiolinumT-TLF/b/n
 on input line 319.
LaTeX Font Info:    Overwriting math alphabet `\mathtt' in version `bold'
(Font)                  T1/zi4/m/n --> T1/zi4/b/n on input line 320.
LaTeX Font Info:    Redeclaring symbol font `letters' on input line 337.
LaTeX Font Info:    Overwriting symbol font `letters' in version `normal'
(Font)                  OML/cmm/m/it --> OML/nxlmi/m/it on input line 337.
LaTeX Font Info:    Overwriting symbol font `letters' in version `bold'
(Font)                  OML/cmm/b/it --> OML/nxlmi/m/it on input line 337.
LaTeX Font Info:    Overwriting symbol font `letters' in version `bold'
(Font)                  OML/nxlmi/m/it --> OML/nxlmi/b/it on input line 338.
\symlettersA=\mathgroup6
LaTeX Font Info:    Overwriting symbol font `lettersA' in version `bold'
(Font)                  U/ntxmia/m/it --> U/ntxmia/b/it on input line 448.
LaTeX Font Info:    Redeclaring math alphabet \mathfrak on input line 450.
LaTeX Font Info:    Redeclaring symbol font `symbols' on input line 469.
LaTeX Font Info:    Encoding `OMS' has changed to `LMS' for symbol font
(Font)              `symbols' in the math version `normal' on input line 469.
LaTeX Font Info:    Overwriting symbol font `symbols' in version `normal'
(Font)                  OMS/cmsy/m/n --> LMS/ntxsy/m/n on input line 469.
LaTeX Font Info:    Encoding `OMS' has changed to `LMS' for symbol font
(Font)              `symbols' in the math version `bold' on input line 469.
LaTeX Font Info:    Overwriting symbol font `symbols' in version `bold'
(Font)                  OMS/cmsy/b/n --> LMS/ntxsy/m/n on input line 469.
LaTeX Font Info:    Overwriting symbol font `symbols' in version `bold'
(Font)                  LMS/ntxsy/m/n --> LMS/ntxsy/b/n on input line 470.
\symAMSm=\mathgroup7
LaTeX Font Info:    Overwriting symbol font `AMSm' in version `bold'
(Font)                  U/ntxsym/m/n --> U/ntxsym/b/n on input line 493.
\symsymbolsC=\mathgroup8
LaTeX Font Info:    Overwriting symbol font `symbolsC' in version `bold'
(Font)                  U/ntxsyc/m/n --> U/ntxsyc/b/n on input line 514.
LaTeX Font Info:    Redeclaring symbol font `largesymbols' on input line 527.
LaTeX Font Info:    Encoding `OMX' has changed to `LMX' for symbol font
(Font)              `largesymbols' in the math version `normal' on input line 5
27.
LaTeX Font Info:    Overwriting symbol font `largesymbols' in version `normal'
(Font)                  OMX/cmex/m/n --> LMX/ntxexx/m/n on input line 527.
LaTeX Font Info:    Encoding `OMX' has changed to `LMX' for symbol font
(Font)              `largesymbols' in the math version `bold' on input line 527
.
LaTeX Font Info:    Overwriting symbol font `largesymbols' in version `bold'
(Font)                  OMX/cmex/m/n --> LMX/ntxexx/m/n on input line 527.
LaTeX Font Info:    Overwriting symbol font `largesymbols' in version `bold'
(Font)                  LMX/ntxexx/m/n --> LMX/ntxexx/b/n on input line 528.
\symlargesymbolsTXA=\mathgroup9
LaTeX Font Info:    Overwriting symbol font `largesymbolsTXA' in version `bold'

(Font)                  U/ntxexa/m/n --> U/ntxexa/b/n on input line 542.
\tx@sbptoks=\toks31
LaTeX Font Info:    Redeclaring math delimiter \lgroup on input line 750.
LaTeX Font Info:    Redeclaring math delimiter \rgroup on input line 751.
LaTeX Font Info:    Redeclaring math delimiter \lmoustache on input line 752.
LaTeX Font Info:    Redeclaring math delimiter \rmoustache on input line 753.
LaTeX Font Info:    Redeclaring math delimiter \lfloor on input line 759.
LaTeX Font Info:    Redeclaring math delimiter \rfloor on input line 760.
LaTeX Font Info:    Redeclaring math delimiter \lceil on input line 761.
LaTeX Font Info:    Redeclaring math delimiter \rceil on input line 762.
LaTeX Font Info:    Redeclaring math delimiter \lbrace on input line 763.
LaTeX Font Info:    Redeclaring math delimiter \rbrace on input line 764.
LaTeX Font Info:    Redeclaring math delimiter \langle on input line 765.
LaTeX Font Info:    Redeclaring math delimiter \rangle on input line 767.
LaTeX Font Info:    Redeclaring math symbol \mid on input line 769.
LaTeX Font Info:    Redeclaring math delimiter \arrowvert on input line 771.
LaTeX Font Info:    Redeclaring math delimiter \vert on input line 772.
LaTeX Font Info:    Redeclaring math symbol \parallel on input line 773.
LaTeX Font Info:    Redeclaring math delimiter \Arrowvert on input line 774.
LaTeX Font Info:    Redeclaring math delimiter \Vert on input line 775.
LaTeX Font Info:    Redeclaring math delimiter \updownarrow on input line 777.
LaTeX Font Info:    Redeclaring math delimiter \Updownarrow on input line 778.
LaTeX Font Info:    Redeclaring math delimiter \lvert on input line 783.
LaTeX Font Info:    Redeclaring math delimiter \rvert on input line 784.
LaTeX Font Info:    Redeclaring math delimiter \lVert on input line 785.
LaTeX Font Info:    Redeclaring math delimiter \rVert on input line 786.
\ntx@numstart=\count129
\ntx@UCstart=\count130
\ntx@lcstart=\count131
\ntx@tmpc=\count132
\ntx@imath=\count133
\ntx@jmath=\count134
LaTeX Info: Redefining \not on input line 2563.
LaTeX Info: Redefining \textsquare on input line 2593.
LaTeX Info: Redefining \openbox on input line 2595.
)
("C:\Users\Daniel Bretschneider\AppData\Local\Programs\MiKTeX 2.9\tex\latex\cap
tion\caption.sty"
Package: caption 2019/09/01 v3.3d Customizing captions (AR)

("C:\Users\Daniel Bretschneider\AppData\Local\Programs\MiKTeX 2.9\tex\latex\cap
tion\caption3.sty"
Package: caption3 2019/09/01 v1.8d caption3 kernel (AR)
Package caption3 Info: TeX engine: e-TeX on input line 64.
\captionmargin=\dimen143
\captionmargin@=\dimen144
\captionwidth=\dimen145
\caption@tempdima=\dimen146
\caption@indent=\dimen147
\caption@parindent=\dimen148
\caption@hangindent=\dimen149
)
Package caption Info: AMS or SMF document class.
\c@caption@flags=\count135
\c@ContinuedFloat=\count136
Package caption Info: hyperref package is loaded.
)
("C:\Users\Daniel Bretschneider\AppData\Local\Programs\MiKTeX 2.9\tex\latex\flo
at\float.sty"
Package: float 2001/11/08 v1.3d Float enhancements (AL)
\c@float@type=\count137
\float@exts=\toks32
\float@box=\box29
\@float@everytoks=\toks33
\@floatcapt=\box30
)
\@float@every@sidebar=\toks34
\c@sidebar=\count138
\fulltextwidth=\dimen150
\@ACM@labelwidth=\dimen151
\listisep=\skip58
\num@authorgroups=\count139
\num@authors=\count140
\@ACM@badge@width=\skip59
\@ACM@title@width=\skip60
\@ACM@badge@skip=\skip61
Class acmart Info: Printing CCS on input line 1413.
Class acmart Info: Printing bibformat on input line 1413.
Class acmart Info: Suppressing folios on input line 1420.
Class acmart Info: Setting authorsperrow to 0 on input line 1423.

("C:\Users\Daniel Bretschneider\AppData\Local\Programs\MiKTeX 2.9\tex\latex\com
ment\comment.sty"
\CommentStream=\write3
 Excluding comment 'comment') Excluding comment 'CCSXML'
\c@@concepts=\count141
\mktitle@bx=\box31
\@ACM@commabox=\box32
\author@bx=\box33
\author@bx@wd=\dimen152
\author@bx@sep=\skip62

("C:\Users\Daniel Bretschneider\AppData\Local\Programs\MiKTeX 2.9\tex\latex\fan
cyhdr\fancyhdr.sty"
Package: fancyhdr 2017/06/30 v3.9a Extensive control of page headers and footer
s
\f@nch@headwidth=\skip63
\f@nch@O@elh=\skip64
\f@nch@O@erh=\skip65
\f@nch@O@olh=\skip66
\f@nch@O@orh=\skip67
\f@nch@O@elf=\skip68
\f@nch@O@erf=\skip69
\f@nch@O@olf=\skip70
\f@nch@O@orf=\skip71
)
\ACM@linecount@bx=\box34
\ACM@linecount@bxht=\skip72
\ACM@linecount=\count142
\c@ACM@time@hours=\count143
\c@ACM@time@minutes=\count144
\@folio@wd=\dimen153
\@folio@ht=\dimen154
\@folio@voffset=\dimen155
 Special comment 'acks'
LaTeX Font Info:    Try loading font information for T1+LinuxLibertineT-TLF on 
input line 2873.

("C:\Users\Daniel Bretschneider\AppData\Local\Programs\MiKTeX 2.9\tex\latex\lib
ertine\t1linuxlibertinet-tlf.fd"
File: T1LinuxLibertineT-TLF.fd 2017/03/20 (autoinst) Font definitions for T1/Li
nuxLibertineT-TLF.
)
LaTeX Font Info:    Font shape `T1/LinuxLibertineT-TLF/m/n' will be
(Font)              scaled to size 9.0pt on input line 2873.
)
Package hyperref Info: Option `pdfdisplaydoctitle' set `true' on input line 73.

\c@theorem=\count145

("C:\Users\Daniel Bretschneider\AppData\Local\Programs\MiKTeX 2.9\tex\latex\pre
print\balance.sty"
Package: balance 1999/02/23 4.3 (PWD)
\oldvsize=\dimen156
) Excluding comment 'screenonly' Include comment 'printonly'
Include comment 'anonsuppress' (main.aux)
\openout1 = `main.aux'.

LaTeX Font Info:    Checking defaults for OML/nxlmi/m/it on input line 73.
LaTeX Font Info:    Try loading font information for OML+nxlmi on input line 73
.

("C:\Users\Daniel Bretschneider\AppData\Local\Programs\MiKTeX 2.9\tex\latex\new
tx\omlnxlmi.fd"
File: omlnxlmi.fd 2013/11/19 Fontinst v1.933 font definitions for OML/nxlmi.
)
LaTeX Font Info:    ... okay on input line 73.
LaTeX Font Info:    Checking defaults for T1/cmr/m/n on input line 73.
LaTeX Font Info:    ... okay on input line 73.
LaTeX Font Info:    Checking defaults for OT1/cmr/m/n on input line 73.
LaTeX Font Info:    ... okay on input line 73.
LaTeX Font Info:    Checking defaults for OMS/cmsy/m/n on input line 73.
LaTeX Font Info:    ... okay on input line 73.
LaTeX Font Info:    Checking defaults for OMX/cmex/m/n on input line 73.
LaTeX Font Info:    ... okay on input line 73.
LaTeX Font Info:    Checking defaults for U/ntxexa/m/n on input line 73.
LaTeX Font Info:    Try loading font information for U+ntxexa on input line 73.


("C:\Users\Daniel Bretschneider\AppData\Local\Programs\MiKTeX 2.9\tex\latex\new
tx\untxexa.fd"
File: untxexa.fd 2012/04/16 Fontinst v1.933 font definitions for U/ntxexa.
)
LaTeX Font Info:    ... okay on input line 73.
LaTeX Font Info:    Checking defaults for PD1/pdf/m/n on input line 73.
LaTeX Font Info:    ... okay on input line 73.
LaTeX Font Info:    Checking defaults for PU/pdf/m/n on input line 73.
LaTeX Font Info:    ... okay on input line 73.
LaTeX Font Info:    Checking defaults for TS1/cmr/m/n on input line 73.
LaTeX Font Info:    Try loading font information for TS1+cmr on input line 73.

("C:\Users\Daniel Bretschneider\AppData\Local\Programs\MiKTeX 2.9\tex\latex\bas
e\ts1cmr.fd"
File: ts1cmr.fd 2014/09/29 v2.5h Standard LaTeX font definitions
)
LaTeX Font Info:    ... okay on input line 73.
LaTeX Font Info:    Checking defaults for LMS/ntxsy/m/n on input line 73.
LaTeX Font Info:    Try loading font information for LMS+ntxsy on input line 73
.

("C:\Users\Daniel Bretschneider\AppData\Local\Programs\MiKTeX 2.9\tex\latex\new
tx\lmsntxsy.fd"
File: lmsntxsy.fd 2016/07/02 Fontinst v1.933 font definitions for LMS/ntxsy.
)
LaTeX Font Info:    ... okay on input line 73.
LaTeX Font Info:    Checking defaults for LMX/ntxexx/m/n on input line 73.
LaTeX Font Info:    Try loading font information for LMX+ntxexx on input line 7
3.

("C:\Users\Daniel Bretschneider\AppData\Local\Programs\MiKTeX 2.9\tex\latex\new
tx\lmxntxexx.fd"
File: lmxntxexx.fd 2016/07/03 Fontinst v1.933 font definitions for LMX/ntxexx.
)
LaTeX Font Info:    ... okay on input line 73.
LaTeX Font Info:    Font shape `T1/LinuxLibertineT-TLF/m/n' will be
(Font)              scaled to size 7.0pt on input line 73.
LaTeX Font Info:    Try loading font information for OT1+LinuxLibertineT-TLF on
 input line 73.

("C:\Users\Daniel Bretschneider\AppData\Local\Programs\MiKTeX 2.9\tex\latex\lib
ertine\ot1linuxlibertinet-tlf.fd"
File: OT1LinuxLibertineT-TLF.fd 2017/03/20 (autoinst) Font definitions for OT1/
LinuxLibertineT-TLF.
)
LaTeX Font Info:    Font shape `OT1/LinuxLibertineT-TLF/m/n' will be
(Font)              scaled to size 7.3pt on input line 73.
<<ot1.cmap>>
LaTeX Font Info:    Font shape `OT1/LinuxLibertineT-TLF/m/n' will be
(Font)              scaled to size 5.5pt on input line 73.
<<oml.cmap>>
LaTeX Font Info:    Try loading font information for U+msa on input line 73.

("C:\Users\Daniel Bretschneider\AppData\Local\Programs\MiKTeX 2.9\tex\latex\ams
fonts\umsa.fd"
File: umsa.fd 2013/01/14 v3.01 AMS symbols A
)
LaTeX Font Info:    Try loading font information for U+msb on input line 73.

("C:\Users\Daniel Bretschneider\AppData\Local\Programs\MiKTeX 2.9\tex\latex\ams
fonts\umsb.fd"
File: umsb.fd 2013/01/14 v3.01 AMS symbols B
)
LaTeX Font Info:    Try loading font information for U+ntxmia on input line 73.


("C:\Users\Daniel Bretschneider\AppData\Local\Programs\MiKTeX 2.9\tex\latex\new
tx\untxmia.fd"
File: untxmia.fd 2018/04/14 Fontinst v1.933 font definitions for U/ntxmia.
)
LaTeX Font Info:    Try loading font information for U+ntxsym on input line 73.


("C:\Users\Daniel Bretschneider\AppData\Local\Programs\MiKTeX 2.9\tex\latex\new
tx\untxsym.fd"
File: untxsym.fd 2015/03/20 Fontinst v1.933 font definitions for U/ntxsym.
)
LaTeX Font Info:    Try loading font information for U+ntxsyc on input line 73.


("C:\Users\Daniel Bretschneider\AppData\Local\Programs\MiKTeX 2.9\tex\latex\new
tx\untxsyc.fd"
File: untxsyc.fd 2012/04/12 Fontinst v1.933 font definitions for U/ntxsyc.
)
LaTeX Info: Redefining \microtypecontext on input line 73.
Package microtype Info: Generating PDF output.
Package microtype Info: Character protrusion enabled (level 2).
Package microtype Info: Using default protrusion set `alltext'.
Package microtype Info: Automatic font expansion enabled (level 2),
(microtype)             stretch: 20, shrink: 20, step: 1, non-selected.
Package microtype Info: Using default expansion set `basictext'.
Package microtype Info: No adjustment of tracking.
Package microtype Info: No adjustment of interword spacing.
Package microtype Info: No adjustment of character kerning.
Package microtype Info: Loading generic protrusion settings for font family
(microtype)             `LinuxLibertineT-TLF' (encoding: T1).
(microtype)             For optimal results, create family-specific settings.
(microtype)             See the microtype manual for details.
 ABD: EveryShipout initializing macros
\AtBeginShipoutBox=\box35
Package hyperref Info: Link coloring OFF on input line 73.

("C:\Users\Daniel Bretschneider\AppData\Local\Programs\MiKTeX 2.9\tex\latex\hyp
erref\nameref.sty"
Package: nameref 2016/05/21 v2.44 Cross-referencing by name of section

("C:\Users\Daniel Bretschneider\AppData\Local\Programs\MiKTeX 2.9\tex\generic\o
berdiek\gettitlestring.sty"
Package: gettitlestring 2016/05/16 v1.5 Cleanup title references (HO)
)
\c@section@level=\count146
)
LaTeX Info: Redefining \ref on input line 73.
LaTeX Info: Redefining \pageref on input line 73.
LaTeX Info: Redefining \nameref on input line 73.
 (main.out) (main.out)
\@outlinefile=\write4
\openout4 = `main.out'.


("C:\Users\Daniel Bretschneider\AppData\Local\Programs\MiKTeX 2.9\tex\context\b
ase\supp-pdf.mkii"
[Loading MPS to PDF converter (version 2006.09.02).]
\scratchcounter=\count147
\scratchdimen=\dimen157
\scratchbox=\box36
\nofMPsegments=\count148
\nofMParguments=\count149
\everyMPshowfont=\toks35
\MPscratchCnt=\count150
\MPscratchDim=\dimen158
\MPnumerator=\count151
\makeMPintoPDFobject=\count152
\everyMPtoPDFconversion=\toks36
)
("C:\Users\Daniel Bretschneider\AppData\Local\Programs\MiKTeX 2.9\tex\latex\obe
rdiek\epstopdf-base.sty"
Package: epstopdf-base 2016/05/15 v2.6 Base part for package epstopdf

("C:\Users\Daniel Bretschneider\AppData\Local\Programs\MiKTeX 2.9\tex\latex\obe
rdiek\grfext.sty"
Package: grfext 2016/05/16 v1.2 Manage graphics extensions (HO)
)
Package epstopdf-base Info: Redefining graphics rule for `.eps' on input line 4
38.
Package grfext Info: Graphics extension search list:
(grfext)             [.pdf,.png,.jpg,.mps,.jpeg,.jbig2,.jb2,.PDF,.PNG,.JPG,.JPE
G,.JBIG2,.JB2,.eps]
(grfext)             \AppendGraphicsExtensions on input line 456.
)
*geometry* driver: auto-detecting
*geometry* detected driver: pdftex
*geometry* verbose mode - [ preamble ] result:
* driver: pdftex
* paper: custom
* layout: <same size as paper>
* layoutoffset:(h,v)=(0.0pt,0.0pt)
* modes: includehead includefoot twoside heightrounded 
* h-part:(L,W,R)=(54.0pt, 506.295pt, 54.0pt)
* v-part:(T,H,B)=(57.0pt, 664.96999pt, 73.0pt)
* \paperwidth=614.295pt
* \paperheight=794.96999pt
* \textwidth=506.295pt
* \textheight=626.0pt
* \oddsidemargin=-18.26999pt
* \evensidemargin=-18.26999pt
* \topmargin=-15.26999pt
* \headheight=13.0pt
* \headsep=14.0pt
* \topskip=10.0pt
* \footskip=12.0pt
* \marginparwidth=24.0pt
* \marginparsep=11.0pt
* \columnsep=24.0pt
* \skip\footins=7.0pt plus 11.0pt
* \hoffset=0.0pt
* \voffset=0.0pt
* \mag=1000
* \@twocolumnfalse
* \@twosidetrue
* \@mparswitchtrue
* \@reversemarginfalse
* (1in=72.27pt=25.4mm, 1cm=28.453pt)

\c@mv@tabular=\count153
\c@mv@boldtabular=\count154

("C:\Users\Daniel Bretschneider\AppData\Local\Programs\MiKTeX 2.9\tex\latex\upq
uote\upquote.sty"
Package: upquote 2012/04/19 v1.3 upright-quote and grave-accent glyphs in verba
tim
)
Package caption Info: Begin \AtBeginDocument code.
Package caption Info: float package is loaded.
Package caption Info: End \AtBeginDocument code.
 Excluding 'CCSXML' comment.
LaTeX Font Info:    Font shape `T1/LinuxLibertineT-TLF/m/n' will be
(Font)              scaled to size 17.28pt on input line 211.
LaTeX Font Info:    Try loading font information for T1+LinuxBiolinumT-TLF on i
nput line 211.

("C:\Users\Daniel Bretschneider\AppData\Local\Programs\MiKTeX 2.9\tex\latex\lib
ertine\t1linuxbiolinumt-tlf.fd"
File: T1LinuxBiolinumT-TLF.fd 2017/03/20 (autoinst) Font definitions for T1/Lin
uxBiolinumT-TLF.
)
LaTeX Font Info:    Font shape `T1/LinuxBiolinumT-TLF/m/n' will be
(Font)              scaled to size 17.28pt on input line 211.
Package microtype Info: Loading generic protrusion settings for font family
(microtype)             `LinuxBiolinumT-TLF' (encoding: T1).
(microtype)             For optimal results, create family-specific settings.
(microtype)             See the microtype manual for details.
LaTeX Font Info:    Font shape `T1/LinuxBiolinumT-TLF/b/n' will be
(Font)              scaled to size 17.28pt on input line 211.
LaTeX Font Info:    Font shape `T1/LinuxLibertineT-TLF/m/n' will be
(Font)              scaled to size 12.0pt on input line 211.
LaTeX Font Info:    Font shape `OT1/LinuxLibertineT-TLF/m/n' will be
(Font)              scaled to size 12.0pt on input line 211.
Package microtype Info: Loading generic protrusion settings for font family
(microtype)             `LinuxLibertineT-TLF' (encoding: OT1).
(microtype)             For optimal results, create family-specific settings.
(microtype)             See the microtype manual for details.
LaTeX Font Info:    Font shape `OT1/LinuxLibertineT-TLF/m/n' will be
(Font)              scaled to size 8.8pt on input line 211.
LaTeX Font Info:    Font shape `OT1/LinuxLibertineT-TLF/m/n' will be
(Font)              scaled to size 6.6pt on input line 211.

("C:\Users\Daniel Bretschneider\AppData\Local\Programs\MiKTeX 2.9\tex\latex\mic
rotype\mt-msa.cfg"
File: mt-msa.cfg 2006/02/04 v1.1 microtype config. file: AMS symbols (a) (RS)
)
("C:\Users\Daniel Bretschneider\AppData\Local\Programs\MiKTeX 2.9\tex\latex\mic
rotype\mt-msb.cfg"
File: mt-msb.cfg 2005/06/01 v1.0 microtype config. file: AMS symbols (b) (RS)
)
LaTeX Font Info:    Try loading font information for TS1+LinuxLibertineT-TLF on
 input line 211.

("C:\Users\Daniel Bretschneider\AppData\Local\Programs\MiKTeX 2.9\tex\latex\lib
ertine\ts1linuxlibertinet-tlf.fd"
File: TS1LinuxLibertineT-TLF.fd 2017/03/20 (autoinst) Font definitions for TS1/
LinuxLibertineT-TLF.
)
LaTeX Font Info:    Font shape `TS1/LinuxLibertineT-TLF/m/n' will be
(Font)              scaled to size 8.8pt on input line 211.
Package microtype Info: Loading generic protrusion settings for font family
(microtype)             `LinuxLibertineT-TLF' (encoding: TS1).
(microtype)             For optimal results, create family-specific settings.
(microtype)             See the microtype manual for details.
LaTeX Font Info:    Font shape `T1/LinuxLibertineT-TLF/m/n' will be
(Font)              scaled to size 10.0pt on input line 211.
LaTeX Font Info:    Font shape `OT1/LinuxLibertineT-TLF/m/n' will be
(Font)              scaled to size 10.0pt on input line 211.
LaTeX Font Info:    Font shape `T1/LinuxLibertineT-TLF/m/n' will be
(Font)              scaled to size 5.5pt on input line 211.
LaTeX Font Info:    Font shape `TS1/LinuxLibertineT-TLF/m/n' will be
(Font)              scaled to size 5.5pt on input line 211.
LaTeX Font Info:    Font shape `T1/LinuxLibertineT-TLF/b/n' will be
(Font)              scaled to size 10.0pt on input line 211.
LaTeX Font Info:    Font shape `T1/LinuxLibertineT-TLF/m/it' will be
(Font)              scaled to size 7.0pt on input line 211.
LaTeX Font Info:    Font shape `TS1/LinuxLibertineT-TLF/m/n' will be
(Font)              scaled to size 7.0pt on input line 211.
LaTeX Font Info:    Font shape `T1/LinuxLibertineT-TLF/b/n' will be
(Font)              scaled to size 9.0pt on input line 211.
LaTeX Font Info:    Font shape `T1/LinuxLibertineT-TLF/b/n' will be
(Font)              scaled to size 10.95pt on input line 211.
LaTeX Font Info:    Font shape `OT1/LinuxLibertineT-TLF/m/n' will be
(Font)              scaled to size 9.0pt on input line 211.
LaTeX Font Info:    Font shape `T1/LinuxLibertineT-TLF/m/n' will be
(Font)              scaled to size 7.3pt on input line 211.
LaTeX Font Info:    Font shape `TS1/LinuxLibertineT-TLF/m/n' will be
(Font)              scaled to size 9.0pt on input line 211.
LaTeX Font Info:    Font shape `T1/LinuxLibertineT-TLF/m/it' will be
(Font)              scaled to size 9.0pt on input line 211.
LaTeX Font Info:    Font shape `T1/LinuxLibertineT-TLF/m/n' will be
(Font)              scaled to size 8.0pt on input line 211.
LaTeX Font Info:    Font shape `T1/LinuxLibertineT-TLF/b/n' will be
(Font)              scaled to size 8.0pt on input line 211.
LaTeX Font Info:    Font shape `T1/LinuxLibertineT-TLF/m/it' will be
(Font)              scaled to size 8.0pt on input line 211.
LaTeX Font Info:    Font shape `OT1/LinuxLibertineT-TLF/m/n' will be
(Font)              scaled to size 8.0pt on input line 211.
LaTeX Font Info:    Font shape `OT1/LinuxLibertineT-TLF/m/n' will be
(Font)              scaled to size 6.2pt on input line 211.
LaTeX Font Info:    Try loading font information for T1+zi4 on input line 226.

("C:\Users\Daniel Bretschneider\AppData\Local\Programs\MiKTeX 2.9\tex\latex\inc
onsolata\t1zi4.fd"
File: t1zi4.fd 2018/01/14 T1/zi4 (Inconsolata)
)
LaTeX Font Info:    Font shape `T1/zi4/m/n' will be
(Font)              scaled to size 9.0pt on input line 226.
Package microtype Info: Loading generic protrusion settings for font family
(microtype)             `zi4' (encoding: T1).
(microtype)             For optimal results, create family-specific settings.
(microtype)             See the microtype manual for details.
LaTeX Font Info:    Font shape `T1/LinuxLibertineT-TLF/m/it' will be
(Font)              scaled to size 7.3pt on input line 241.
LaTeX Font Info:    Font shape `T1/LinuxLibertineT-TLF/m/n' will be
(Font)              scaled to size 36.135pt on input line 266.
LaTeX Font Info:    Calculating math sizes for size <36.135> on input line 266.

LaTeX Font Info:    Font shape `OT1/LinuxLibertineT-TLF/m/n' will be
(Font)              scaled to size 36.135pt on input line 266.
LaTeX Font Info:    Font shape `OT1/LinuxLibertineT-TLF/m/n' will be
(Font)              scaled to size 26.37839pt on input line 266.
LaTeX Font Info:    Font shape `OT1/LinuxLibertineT-TLF/m/n' will be
(Font)              scaled to size 19.87434pt on input line 266.
LaTeX Font Info:    Font shape `T1/LinuxLibertineT-TLF/m/n' will be
(Font)              scaled to size 6.0pt on input line 266.
 [1.1{C:/Users/Daniel Bretschneider/AppData/Local/MiKTeX/2.9/pdftex/config/pdft
ex.map}

]
Overfull \hbox (2.79185pt too wide) in paragraph at lines 408--412
\T1/LinuxLibertineT-TLF/m/n/9 (-20) Your work should use stan-dard L[]T[]X sec-
tion-ing com-mands: [][]\T1/zi4/m/n/9 section[]\T1/LinuxLibertineT-TLF/m/n/9 (-
20) ,
 []


Overfull \hbox (1.26605pt too wide) in paragraph at lines 408--412
[][]\T1/zi4/m/n/9 subsection[]\T1/LinuxLibertineT-TLF/m/n/9 (-20) , [][]\T1/zi4
/m/n/9 subsubsection[]\T1/LinuxLibertineT-TLF/m/n/9 (-20) , and [][]\T1/zi4/m/n
/9 paragraph[]\T1/LinuxLibertineT-TLF/m/n/9 (-20) . They should be num-
 []

LaTeX Font Info:    Font shape `T1/LinuxBiolinumT-TLF/m/n' will be
(Font)              scaled to size 9.0pt on input line 413.
LaTeX Font Info:    Font shape `T1/LinuxBiolinumT-TLF/m/n' will be
(Font)              scaled to size 7.0pt on input line 413.
[2.2]

Package natbib Warning: Citation `Lamport:LaTeX' on page 3 undefined on input l
ine 489.


Underfull \vbox (badness 1092) has occurred while \output is active []

LaTeX Font Info:    Font shape `T1/LinuxLibertineT-TLF/m/sc' will be
(Font)              scaled to size 9.0pt on input line 553.
 [3.3]

Package natbib Warning: Citation `Abril07' on page 4 undefined on input line 57
8.


Package natbib Warning: Citation `Cohen07' on page 4 undefined on input line 57
9.


Package natbib Warning: Citation `JCohen96' on page 4 undefined on input line 5
80.


Package natbib Warning: Citation `Kosiur01' on page 4 undefined on input line 5
80.


Package natbib Warning: Citation `Harel79' on page 4 undefined on input line 58
2.


Package natbib Warning: Citation `Editor00' on page 4 undefined on input line 5
83.


Package natbib Warning: Citation `Editor00a' on page 4 undefined on input line 
584.


Package natbib Warning: Citation `Spector90' on page 4 undefined on input line 
586.


Package natbib Warning: Citation `Douglass98' on page 4 undefined on input line
 587.


Package natbib Warning: Citation `Knuth97' on page 4 undefined on input line 58
8.


Package natbib Warning: Citation `Andler79' on page 4 undefined on input line 5
90.


Package natbib Warning: Citation `Smith10' on page 4 undefined on input line 59
1.


Package natbib Warning: Citation `VanGundy07' on page 4 undefined on input line
 592.


Package natbib Warning: Citation `Harel78' on page 4 undefined on input line 59
2.


Package natbib Warning: Citation `Clarkson85' on page 4 undefined on input line
 593.


Package natbib Warning: Citation `anisi03' on page 4 undefined on input line 59
4.


Package natbib Warning: Citation `Thornburg01' on page 4 undefined on input lin
e 595.


Package natbib Warning: Citation `Ablamowicz07' on page 4 undefined on input li
ne 595.


Package natbib Warning: Citation `Poker06' on page 4 undefined on input line 59
5.


Package natbib Warning: Citation `Obama08' on page 4 undefined on input line 59
6.


Package natbib Warning: Citation `Novak03' on page 4 undefined on input line 59
6.


Package natbib Warning: Citation `Lee05' on page 4 undefined on input line 596.



Package natbib Warning: Citation `JoeScientist001' on page 4 undefined on input
 line 597.


Package natbib Warning: Citation `rous08' on page 4 undefined on input line 598
.


Package natbib Warning: Citation `SaeediMEJ10' on page 4 undefined on input lin
e 599.


Package natbib Warning: Citation `SaeediJETC10' on page 4 undefined on input li
ne 599.


Package natbib Warning: Citation `Kirschmer:2010:AEI:1958016.1958018' on page 4
 undefined on input line 601.


Package natbib Warning: Citation `MR781536' on page 4 undefined on input line 6
02.


Package natbib Warning: Citation `MR781537' on page 4 undefined on input line 6
02.


Package natbib Warning: Citation `2004:ITE:1009386.1010128' on page 4 undefined
 on input line 604.


Package natbib Warning: Citation `Kirschmer:2010:AEI:1958016.1958018' on page 4
 undefined on input line 604.


Package natbib Warning: Citation `TUGInstmem' on page 4 undefined on input line
 605.


Package natbib Warning: Citation `Thornburg01' on page 4 undefined on input lin
e 605.


Package natbib Warning: Citation `CTANacmart' on page 4 undefined on input line
 605.


Package natbib Warning: Citation `R' on page 4 undefined on input line 606.


Package natbib Warning: Citation `UMassCitations' on page 4 undefined on input 
line 606.


Underfull \vbox (badness 7667) has occurred while \output is active []


Processing 'acks' comment.
\openout3 = `comment.cut'.

 Comment 'acks' writing to comment.cut.
Straight input of comment.cut. (comment.cut)
No file main.bbl.

Package natbib Warning: There were undefined citations.


Package balance Warning: You have called \balance in second column
(balance)                Columns might not be balanced.

[4.4]
Package atveryend Info: Empty hook `BeforeClearDocument' on input line 704.
Package atveryend Info: Empty hook `AfterLastShipout' on input line 704.
 (main.aux)
Package atveryend Info: Executing hook `AtVeryEndDocument' on input line 704.
Package atveryend Info: Executing hook `AtEndAfterFileList' on input line 704.


Package rerunfilecheck Warning: File `main.out' has changed.
(rerunfilecheck)                Rerun to get outlines right
(rerunfilecheck)                or use package `bookmark'.

Package rerunfilecheck Info: Checksums for `main.out':
(rerunfilecheck)             Before: 8D5E980AD3F154F12B9D00E7FC057344;4057
(rerunfilecheck)             After:  77986E1A3321DFB31951943F4650FBC8;4057.

LaTeX Warning: Label(s) may have changed. Rerun to get cross-references right.

 ) 
Here is how much of TeX's memory you used:
 18540 strings out of 493305
 289158 string characters out of 3123275
 395613 words of memory out of 3000000
 21279 multiletter control sequences out of 15000+200000
 209748 words of font info for 339 fonts, out of 3000000 for 9000
 1302 hyphenation exceptions out of 8191
 60i,17n,94p,797b,597s stack positions out of 5000i,500n,10000p,200000b,50000s
pdfTeX warning (dest): name{table.caption.7} has been referenced but does not
 exist, replaced by a fixed one

pdfTeX warning (dest): name{page.5} has been referenced but does not exist, rep
laced by a fixed one

pdfTeX warning (dest): name{section*.9} has been referenced but does not exist,
 replaced by a fixed one

{C:/Users/Daniel Bretschneider/AppData/Local/Programs/MiKTeX 2.9/fonts/enc/dvip
s/libertine/lbtn_ncsllp.enc}{C:/Users/Daniel Bretschneider/AppData/Local/Progra
ms/MiKTeX 2.9/fonts/enc/dvips/libertine/lbtn_oexx6f.enc}{C:/Users/Daniel Bretsc
hneider/AppData/Local/Programs/MiKTeX 2.9/fonts/enc/dvips/libertine/lbtn_25tcsq
.enc}{C:/Users/Daniel Bretschneider/AppData/Local/Programs/MiKTeX 2.9/fonts/enc
/dvips/inconsolata/i4-t1-4.enc}{C:/Users/Daniel Bretschneider/AppData/Local/Pro
grams/MiKTeX 2.9/fonts/enc/dvips/libertine/lbtn_7grukw.enc}{C:/Users/Daniel Bre
tschneider/AppData/Local/Programs/MiKTeX 2.9/fonts/enc/dvips/libertine/lbtn_nh7
7jq.enc}{C:/Users/Daniel Bretschneider/AppData/Local/Programs/MiKTeX 2.9/fonts/
enc/dvips/libertine/lbtn_naooyc.enc}{C:/Users/Daniel Bretschneider/AppData/Loca
l/Programs/MiKTeX 2.9/fonts/enc/dvips/libertine/lbtn_76gpa5.enc}<C:/Users/Danie
l Bretschneider/AppData/Local/Programs/MiKTeX 2.9/fonts/type1/public/inconsolat
a/Inconsolata-zi4r.pfb><C:/Users/Daniel Bretschneider/AppData/Local/Programs/Mi
KTeX 2.9/fonts/type1/public/newtx/LibertineMathMI.pfb><C:/Users/Daniel Bretschn
eider/AppData/Local/Programs/MiKTeX 2.9/fonts/type1/public/newtx/LibertineMathM
I7.pfb><C:/Users/Daniel Bretschneider/AppData/Local/Programs/MiKTeX 2.9/fonts/t
ype1/public/newtx/LibertineMathRM.pfb><C:/Users/Daniel Bretschneider/AppData/Lo
cal/Programs/MiKTeX 2.9/fonts/type1/public/libertine/LinBiolinumT.pfb><C:/Users
/Daniel Bretschneider/AppData/Local/Programs/MiKTeX 2.9/fonts/type1/public/libe
rtine/LinBiolinumTB.pfb><C:/Users/Daniel Bretschneider/AppData/Local/Programs/M
iKTeX 2.9/fonts/type1/public/libertine/LinLibertineT.pfb><C:/Users/Daniel Brets
chneider/AppData/Local/Programs/MiKTeX 2.9/fonts/type1/public/libertine/LinLibe
rtineTB.pfb><C:/Users/Daniel Bretschneider/AppData/Local/Programs/MiKTeX 2.9/fo
nts/type1/public/libertine/LinLibertineTI.pfb><C:/Users/Daniel Bretschneider/Ap
pData/Local/Programs/MiKTeX 2.9/fonts/type1/public/newtx/txexs.pfb><C:/Users/Da
niel Bretschneider/AppData/Local/Programs/MiKTeX 2.9/fonts/type1/public/newtx/t
xmiaX.pfb><C:/Users/Daniel Bretschneider/AppData/Local/Programs/MiKTeX 2.9/font
s/type1/public/newtx/txsys.pfb>
Output written on main.pdf (4 pages, 462738 bytes).
PDF statistics:
 246 PDF objects out of 1000 (max. 8388607)
 43 named destinations out of 1000 (max. 500000)
 61157 words of extra memory for PDF output out of 61914 (max. 10000000)

